Build started 7/3/2014 3:37:33 AM.
     1>Project "C:\Users\James\Documents\Visual Studio 2012\Projects\DeferredRendering\DeferredRendering\DeferredRendering.vcxproj" on node 2 (Build target(s)).
     1>ClCompile:
         C:\Program Files (x86)\Microsoft Visual Studio 11.0\VC\bin\CL.exe /c /ZI /nologo /W3 /WX- /sdl /Od /Oy- /D WIN32 /D _DEBUG /D _CONSOLE /D _UNICODE /D UNICODE /Gm /EHsc /RTC1 /MDd /GS /fp:precise /Zc:wchar_t /Zc:forScope /Yu"stdafx.h" /Fp"Debug\DeferredRendering.pch" /Fo"Debug\\" /Fd"Debug\vc110.pdb" /Gd /TP /analyze- /errorReport:prompt DeferredRendering.cpp
         DeferredRendering.cpp
       Link:
         C:\Program Files (x86)\Microsoft Visual Studio 11.0\VC\bin\link.exe /ERRORREPORT:PROMPT /OUT:"C:\Users\James\Documents\Visual Studio 2012\Projects\DeferredRendering\Debug\DeferredRendering.exe" /INCREMENTAL /NOLOGO glut32.lib glew32.lib glew32s.lib d3d11.lib kernel32.lib user32.lib gdi32.lib winspool.lib comdlg32.lib advapi32.lib shell32.lib ole32.lib oleaut32.lib uuid.lib odbc32.lib odbccp32.lib /MANIFEST /MANIFESTUAC:"level='asInvoker' uiAccess='false'" /manifest:embed /DEBUG /PDB:"C:\Users\James\Documents\Visual Studio 2012\Projects\DeferredRendering\Debug\DeferredRendering.pdb" /SUBSYSTEM:CONSOLE /TLBID:1 /DYNAMICBASE /NXCOMPAT /IMPLIB:"C:\Users\James\Documents\Visual Studio 2012\Projects\DeferredRendering\Debug\DeferredRendering.lib" /MACHINE:X86 Debug\DX11IndexBuffer.obj
         Debug\DX11Texture2D.obj
         Debug\IDX11Resource.obj
         Debug\IndexBuffer.obj
         Debug\DataFormat.obj
         Debug\DeferredRendering.obj
         Debug\DX11OffscreenRenderTarget.obj
         Debug\DX11Shader.obj
         Debug\DX11VertexBuffer.obj
         Debug\Hash.obj
         Debug\InputLayout.obj
         Debug\DepthBuffer.obj
         Debug\DX11WindowRenderTarget.obj
         Debug\DX11Graphics.obj
         Debug\Exception.obj
         Debug\HResultException.obj
         Debug\Graphics.obj
         Debug\Object.obj
         Debug\InvalidEnumException.obj
         Debug\OpenGLRenderBufferMapping.obj
         Debug\OpenGLWindowRenderTarget.obj
         Debug\OpenGLGraphics.obj
         Debug\OpenGLShader.obj
         Debug\OpenGLShaderProgram.obj
         Debug\OpenGLTexture2D.obj
         Debug\OpenGLVertexBuffer.obj
         Debug\RenderTarget.obj
         Debug\Shader.obj
         Debug\Range.obj
         Debug\Rect.obj
         Debug\stdafx.obj
         Debug\Texture.obj
         Debug\Texture2D.obj
         Debug\VertexBuffer.obj
         Debug\Window.obj
         Debug\UnsupportedFormatException.obj
         Debug\WindowsWindow.obj
         DeferredRendering.vcxproj -> C:\Users\James\Documents\Visual Studio 2012\Projects\DeferredRendering\Debug\DeferredRendering.exe
     1>Done Building Project "C:\Users\James\Documents\Visual Studio 2012\Projects\DeferredRendering\DeferredRendering\DeferredRendering.vcxproj" (Build target(s)).

Build succeeded.

Time Elapsed 00:00:01.77
