C:\USERS\JAMES\DOCUMENTS\VISUAL STUDIO 2012\PROJECTS\DEFERREDRENDERING\DEFERREDRENDERING\DEBUG\DEFERREDRENDERING.PCH
C:\USERS\JAMES\DOCUMENTS\VISUAL STUDIO 2012\PROJECTS\DEFERREDRENDERING\DEFERREDRENDERING\DEBUG\STDAFX.OBJ
C:\USERS\JAMES\DOCUMENTS\VISUAL STUDIO 2012\PROJECTS\DEFERREDRENDERING\DEFERREDRENDERING\DEBUG\VC110.PDB
C:\USERS\JAMES\DOCUMENTS\VISUAL STUDIO 2012\PROJECTS\DEFERREDRENDERING\DEFERREDRENDERING\DEBUG\OBJECT.OBJ
C:\USERS\JAMES\DOCUMENTS\VISUAL STUDIO 2012\PROJECTS\DEFERREDRENDERING\DEFERREDRENDERING\DEBUG\INVALIDENUMEXCEPTION.OBJ
C:\USERS\JAMES\DOCUMENTS\VISUAL STUDIO 2012\PROJECTS\DEFERREDRENDERING\DEFERREDRENDERING\DEBUG\OPENGLRENDERBUFFERMAPPING.OBJ
C:\USERS\JAMES\DOCUMENTS\VISUAL STUDIO 2012\PROJECTS\DEFERREDRENDERING\DEFERREDRENDERING\DEBUG\OPENGLWINDOWRENDERTARGET.OBJ
C:\USERS\JAMES\DOCUMENTS\VISUAL STUDIO 2012\PROJECTS\DEFERREDRENDERING\DEFERREDRENDERING\DEBUG\OPENGLGRAPHICS.OBJ
C:\USERS\JAMES\DOCUMENTS\VISUAL STUDIO 2012\PROJECTS\DEFERREDRENDERING\DEFERREDRENDERING\DEBUG\OPENGLSHADER.OBJ
C:\USERS\JAMES\DOCUMENTS\VISUAL STUDIO 2012\PROJECTS\DEFERREDRENDERING\DEFERREDRENDERING\DEBUG\OPENGLSHADERPROGRAM.OBJ
C:\USERS\JAMES\DOCUMENTS\VISUAL STUDIO 2012\PROJECTS\DEFERREDRENDERING\DEFERREDRENDERING\DEBUG\OPENGLTEXTURE2D.OBJ
C:\USERS\JAMES\DOCUMENTS\VISUAL STUDIO 2012\PROJECTS\DEFERREDRENDERING\DEFERREDRENDERING\DEBUG\OPENGLVERTEXBUFFER.OBJ
C:\USERS\JAMES\DOCUMENTS\VISUAL STUDIO 2012\PROJECTS\DEFERREDRENDERING\DEFERREDRENDERING\DEBUG\RENDERTARGET.OBJ
C:\USERS\JAMES\DOCUMENTS\VISUAL STUDIO 2012\PROJECTS\DEFERREDRENDERING\DEFERREDRENDERING\DEBUG\SHADER.OBJ
C:\USERS\JAMES\DOCUMENTS\VISUAL STUDIO 2012\PROJECTS\DEFERREDRENDERING\DEFERREDRENDERING\DEBUG\SHADERPROGRAM.OBJ
C:\USERS\JAMES\DOCUMENTS\VISUAL STUDIO 2012\PROJECTS\DEFERREDRENDERING\DEFERREDRENDERING\DEBUG\RANGE.OBJ
C:\USERS\JAMES\DOCUMENTS\VISUAL STUDIO 2012\PROJECTS\DEFERREDRENDERING\DEFERREDRENDERING\DEBUG\RECT.OBJ
C:\USERS\JAMES\DOCUMENTS\VISUAL STUDIO 2012\PROJECTS\DEFERREDRENDERING\DEFERREDRENDERING\DEBUG\TEXTURE.OBJ
C:\USERS\JAMES\DOCUMENTS\VISUAL STUDIO 2012\PROJECTS\DEFERREDRENDERING\DEFERREDRENDERING\DEBUG\TEXTURE2D.OBJ
C:\USERS\JAMES\DOCUMENTS\VISUAL STUDIO 2012\PROJECTS\DEFERREDRENDERING\DEFERREDRENDERING\DEBUG\VERTEXBUFFER.OBJ
C:\USERS\JAMES\DOCUMENTS\VISUAL STUDIO 2012\PROJECTS\DEFERREDRENDERING\DEFERREDRENDERING\DEBUG\WINDOW.OBJ
C:\USERS\JAMES\DOCUMENTS\VISUAL STUDIO 2012\PROJECTS\DEFERREDRENDERING\DEFERREDRENDERING\DEBUG\UNSUPPORTEDFORMATEXCEPTION.OBJ
C:\USERS\JAMES\DOCUMENTS\VISUAL STUDIO 2012\PROJECTS\DEFERREDRENDERING\DEFERREDRENDERING\DEBUG\WINDOWSWINDOW.OBJ
C:\USERS\JAMES\DOCUMENTS\VISUAL STUDIO 2012\PROJECTS\DEFERREDRENDERING\DEFERREDRENDERING\DEBUG\DEFERREDRENDERING.OBJ
C:\USERS\JAMES\DOCUMENTS\VISUAL STUDIO 2012\PROJECTS\DEFERREDRENDERING\DEFERREDRENDERING\DEBUG\DX11SHADERPROGRAM.OBJ
C:\USERS\JAMES\DOCUMENTS\VISUAL STUDIO 2012\PROJECTS\DEFERREDRENDERING\DEFERREDRENDERING\DEBUG\DX11SHADER.OBJ
C:\USERS\JAMES\DOCUMENTS\VISUAL STUDIO 2012\PROJECTS\DEFERREDRENDERING\DEFERREDRENDERING\DEBUG\DX11VERTEXBUFFER.OBJ
C:\USERS\JAMES\DOCUMENTS\VISUAL STUDIO 2012\PROJECTS\DEFERREDRENDERING\DEFERREDRENDERING\DEBUG\HASH.OBJ
C:\USERS\JAMES\DOCUMENTS\VISUAL STUDIO 2012\PROJECTS\DEFERREDRENDERING\DEFERREDRENDERING\DEBUG\INPUTLAYOUT.OBJ
C:\USERS\JAMES\DOCUMENTS\VISUAL STUDIO 2012\PROJECTS\DEFERREDRENDERING\DEFERREDRENDERING\DEBUG\DEPTHBUFFER.OBJ
C:\USERS\JAMES\DOCUMENTS\VISUAL STUDIO 2012\PROJECTS\DEFERREDRENDERING\DEFERREDRENDERING\DEBUG\DX11WINDOWRENDERBUFFER.OBJ
C:\USERS\JAMES\DOCUMENTS\VISUAL STUDIO 2012\PROJECTS\DEFERREDRENDERING\DEFERREDRENDERING\DEBUG\DX11GRAPHICS.OBJ
C:\USERS\JAMES\DOCUMENTS\VISUAL STUDIO 2012\PROJECTS\DEFERREDRENDERING\DEFERREDRENDERING\DEBUG\EXCEPTION.OBJ
C:\USERS\JAMES\DOCUMENTS\VISUAL STUDIO 2012\PROJECTS\DEFERREDRENDERING\DEFERREDRENDERING\DEBUG\HRESULTEXCEPTION.OBJ
C:\USERS\JAMES\DOCUMENTS\VISUAL STUDIO 2012\PROJECTS\DEFERREDRENDERING\DEFERREDRENDERING\DEBUG\GRAPHICS.OBJ
C:\USERS\JAMES\DOCUMENTS\VISUAL STUDIO 2012\PROJECTS\DEFERREDRENDERING\DEFERREDRENDERING\DEBUG\DX11OFFSCREENRENDERTARGET.OBJ
C:\USERS\JAMES\DOCUMENTS\VISUAL STUDIO 2012\PROJECTS\DEFERREDRENDERING\DEFERREDRENDERING\DEBUG\DX11WINDOWRENDERTARGET.OBJ
C:\USERS\JAMES\DOCUMENTS\VISUAL STUDIO 2012\PROJECTS\DEFERREDRENDERING\DEFERREDRENDERING\DEBUG\DATAFORMAT.OBJ
C:\Users\James\Documents\Visual Studio 2012\Projects\DeferredRendering\DeferredRendering\Shaders\HLSL\PixelShaderTest.cso
C:\Users\James\Documents\Visual Studio 2012\Projects\DeferredRendering\DeferredRendering\Shaders\HLSL\VertexShaderTest.cso
C:\USERS\JAMES\DOCUMENTS\VISUAL STUDIO 2012\PROJECTS\DEFERREDRENDERING\DEFERREDRENDERING\SHADERS\HLSL\PIXELSHADERTEST.CSO
C:\USERS\JAMES\DOCUMENTS\VISUAL STUDIO 2012\PROJECTS\DEFERREDRENDERING\DEFERREDRENDERING\SHADERS\HLSL\VERTEXSHADERTEST.CSO
C:\USERS\JAMES\DOCUMENTS\VISUAL STUDIO 2012\PROJECTS\DEFERREDRENDERING\DEBUG\DEFERREDRENDERING.ILK
C:\USERS\JAMES\DOCUMENTS\VISUAL STUDIO 2012\PROJECTS\DEFERREDRENDERING\DEBUG\DEFERREDRENDERING.EXE
C:\USERS\JAMES\DOCUMENTS\VISUAL STUDIO 2012\PROJECTS\DEFERREDRENDERING\DEBUG\DEFERREDRENDERING.PDB
C:\Users\James\Documents\Visual Studio 2012\Projects\DeferredRendering\DeferredRendering\Debug\DataFormat.obj
C:\Users\James\Documents\Visual Studio 2012\Projects\DeferredRendering\DeferredRendering\Debug\DepthBuffer.obj
C:\Users\James\Documents\Visual Studio 2012\Projects\DeferredRendering\DeferredRendering\Debug\DX11Graphics.obj
C:\Users\James\Documents\Visual Studio 2012\Projects\DeferredRendering\DeferredRendering\Debug\DX11OffscreenRenderTarget.obj
C:\Users\James\Documents\Visual Studio 2012\Projects\DeferredRendering\DeferredRendering\Debug\DX11ShaderProgram.obj
C:\Users\James\Documents\Visual Studio 2012\Projects\DeferredRendering\DeferredRendering\Debug\DX11VertexBuffer.obj
C:\Users\James\Documents\Visual Studio 2012\Projects\DeferredRendering\DeferredRendering\Debug\DX11WindowRenderBuffer.obj
C:\Users\James\Documents\Visual Studio 2012\Projects\DeferredRendering\DeferredRendering\Debug\DX11WindowRenderTarget.obj
C:\Users\James\Documents\Visual Studio 2012\Projects\DeferredRendering\DeferredRendering\Debug\Exception.obj
C:\Users\James\Documents\Visual Studio 2012\Projects\DeferredRendering\DeferredRendering\Debug\Graphics.obj
C:\Users\James\Documents\Visual Studio 2012\Projects\DeferredRendering\DeferredRendering\Debug\Hash.obj
C:\Users\James\Documents\Visual Studio 2012\Projects\DeferredRendering\DeferredRendering\Debug\HResultException.obj
C:\Users\James\Documents\Visual Studio 2012\Projects\DeferredRendering\DeferredRendering\Debug\InvalidEnumException.obj
C:\Users\James\Documents\Visual Studio 2012\Projects\DeferredRendering\DeferredRendering\Debug\Object.obj
C:\Users\James\Documents\Visual Studio 2012\Projects\DeferredRendering\DeferredRendering\Debug\OpenGLGraphics.obj
C:\Users\James\Documents\Visual Studio 2012\Projects\DeferredRendering\DeferredRendering\Debug\OpenGLRenderBufferMapping.obj
C:\Users\James\Documents\Visual Studio 2012\Projects\DeferredRendering\DeferredRendering\Debug\OpenGLShader.obj
C:\Users\James\Documents\Visual Studio 2012\Projects\DeferredRendering\DeferredRendering\Debug\OpenGLTexture2D.obj
C:\Users\James\Documents\Visual Studio 2012\Projects\DeferredRendering\DeferredRendering\Debug\OpenGLVertexBuffer.obj
C:\Users\James\Documents\Visual Studio 2012\Projects\DeferredRendering\DeferredRendering\Debug\OpenGLWindowRenderTarget.obj
C:\Users\James\Documents\Visual Studio 2012\Projects\DeferredRendering\DeferredRendering\Debug\Range.obj
C:\Users\James\Documents\Visual Studio 2012\Projects\DeferredRendering\DeferredRendering\Debug\Rect.obj
C:\Users\James\Documents\Visual Studio 2012\Projects\DeferredRendering\DeferredRendering\Debug\RenderTarget.obj
C:\Users\James\Documents\Visual Studio 2012\Projects\DeferredRendering\DeferredRendering\Debug\Shader.obj
C:\Users\James\Documents\Visual Studio 2012\Projects\DeferredRendering\DeferredRendering\Debug\ShaderProgram.obj
C:\Users\James\Documents\Visual Studio 2012\Projects\DeferredRendering\DeferredRendering\Debug\stdafx.obj
C:\Users\James\Documents\Visual Studio 2012\Projects\DeferredRendering\DeferredRendering\Debug\Texture.obj
C:\Users\James\Documents\Visual Studio 2012\Projects\DeferredRendering\DeferredRendering\Debug\Texture2D.obj
C:\Users\James\Documents\Visual Studio 2012\Projects\DeferredRendering\DeferredRendering\Debug\UnsupportedFormatException.obj
C:\Users\James\Documents\Visual Studio 2012\Projects\DeferredRendering\DeferredRendering\Debug\VertexBuffer.obj
C:\Users\James\Documents\Visual Studio 2012\Projects\DeferredRendering\DeferredRendering\Debug\Window.obj
C:\Users\James\Documents\Visual Studio 2012\Projects\DeferredRendering\DeferredRendering\Debug\WindowsWindow.obj
C:\Users\James\Documents\Visual Studio 2012\Projects\DeferredRendering\DeferredRendering\Debug\cl.command.1.tlog
C:\Users\James\Documents\Visual Studio 2012\Projects\DeferredRendering\DeferredRendering\Debug\CL.read.1.tlog
C:\Users\James\Documents\Visual Studio 2012\Projects\DeferredRendering\DeferredRendering\Debug\CL.write.1.tlog
C:\Users\James\Documents\Visual Studio 2012\Projects\DeferredRendering\DeferredRendering\Debug\DeferredRendering.write.1.tlog
C:\Users\James\Documents\Visual Studio 2012\Projects\DeferredRendering\DeferredRendering\Debug\FXC.command.1.tlog
C:\Users\James\Documents\Visual Studio 2012\Projects\DeferredRendering\DeferredRendering\Debug\fxc.read.1.tlog
C:\Users\James\Documents\Visual Studio 2012\Projects\DeferredRendering\DeferredRendering\Debug\fxc.write.1.tlog
C:\Users\James\Documents\Visual Studio 2012\Projects\DeferredRendering\DeferredRendering\Debug\link-cvtres.read.1.tlog
C:\Users\James\Documents\Visual Studio 2012\Projects\DeferredRendering\DeferredRendering\Debug\link-cvtres.write.1.tlog
C:\Users\James\Documents\Visual Studio 2012\Projects\DeferredRendering\DeferredRendering\Debug\link-rc.read.1.tlog
C:\Users\James\Documents\Visual Studio 2012\Projects\DeferredRendering\DeferredRendering\Debug\link-rc.write.1.tlog
C:\Users\James\Documents\Visual Studio 2012\Projects\DeferredRendering\DeferredRendering\Debug\link.1588-cvtres.read.1.tlog
C:\Users\James\Documents\Visual Studio 2012\Projects\DeferredRendering\DeferredRendering\Debug\link.1588-cvtres.write.1.tlog
C:\Users\James\Documents\Visual Studio 2012\Projects\DeferredRendering\DeferredRendering\Debug\link.1588-rc.read.1.tlog
C:\Users\James\Documents\Visual Studio 2012\Projects\DeferredRendering\DeferredRendering\Debug\link.1588-rc.write.1.tlog
C:\Users\James\Documents\Visual Studio 2012\Projects\DeferredRendering\DeferredRendering\Debug\link.1588.read.1.tlog
C:\Users\James\Documents\Visual Studio 2012\Projects\DeferredRendering\DeferredRendering\Debug\link.1588.write.1.tlog
C:\Users\James\Documents\Visual Studio 2012\Projects\DeferredRendering\DeferredRendering\Debug\link.1920-cvtres.read.1.tlog
C:\Users\James\Documents\Visual Studio 2012\Projects\DeferredRendering\DeferredRendering\Debug\link.1920-cvtres.write.1.tlog
C:\Users\James\Documents\Visual Studio 2012\Projects\DeferredRendering\DeferredRendering\Debug\link.1920-rc.read.1.tlog
C:\Users\James\Documents\Visual Studio 2012\Projects\DeferredRendering\DeferredRendering\Debug\link.1920-rc.write.1.tlog
C:\Users\James\Documents\Visual Studio 2012\Projects\DeferredRendering\DeferredRendering\Debug\link.1920.read.1.tlog
C:\Users\James\Documents\Visual Studio 2012\Projects\DeferredRendering\DeferredRendering\Debug\link.1920.write.1.tlog
C:\Users\James\Documents\Visual Studio 2012\Projects\DeferredRendering\DeferredRendering\Debug\link.3356-cvtres.read.1.tlog
C:\Users\James\Documents\Visual Studio 2012\Projects\DeferredRendering\DeferredRendering\Debug\link.3356-cvtres.write.1.tlog
C:\Users\James\Documents\Visual Studio 2012\Projects\DeferredRendering\DeferredRendering\Debug\link.3356-rc.read.1.tlog
C:\Users\James\Documents\Visual Studio 2012\Projects\DeferredRendering\DeferredRendering\Debug\link.3356-rc.write.1.tlog
C:\Users\James\Documents\Visual Studio 2012\Projects\DeferredRendering\DeferredRendering\Debug\link.3356.read.1.tlog
C:\Users\James\Documents\Visual Studio 2012\Projects\DeferredRendering\DeferredRendering\Debug\link.3356.write.1.tlog
C:\Users\James\Documents\Visual Studio 2012\Projects\DeferredRendering\DeferredRendering\Debug\link.command.1.tlog
C:\Users\James\Documents\Visual Studio 2012\Projects\DeferredRendering\DeferredRendering\Debug\link.read.1.tlog
C:\Users\James\Documents\Visual Studio 2012\Projects\DeferredRendering\DeferredRendering\Debug\link.write.1.tlog
C:\Users\James\Documents\Visual Studio 2012\Projects\DeferredRendering\DeferredRendering\Debug\DeferredRendering.pch
C:\Users\James\Documents\Visual Studio 2012\Projects\DeferredRendering\DeferredRendering\Debug\vc110.idb
C:\Users\James\Documents\Visual Studio 2012\Projects\DeferredRendering\DeferredRendering\Debug\vc110.pdb
C:\Users\James\Documents\Visual Studio 2012\Projects\DeferredRendering\Debug\DeferredRendering.pdb
C:\Users\James\Documents\Visual Studio 2012\Projects\DeferredRendering\Debug\DeferredRendering.exe
C:\Users\James\Documents\Visual Studio 2012\Projects\DeferredRendering\Debug\DeferredRendering.ilk
